INFO - 2024-11-21 11:52:23 --> Session: Class initialized using 'CodeIgniter\Session\Handlers\FileHandler' driver.
CRITICAL - 2024-11-21 11:52:23 --> Undefined variable: events
in APPPATH\Views\homepage.php on line 255.
 1 APPPATH\Views\homepage.php(255): CodeIgniter\Debug\Exceptions->errorHandler(8, 'Undefined variable: events', 'C:\\wamp64\\www\\nucaw\\app\\Views\\homepage.php', 255, [])
 2 SYSTEMPATH\View\View.php(228): include('C:\\wamp64\\www\\nucaw\\app\\Views\\homepage.php')
 3 SYSTEMPATH\View\View.php(231): CodeIgniter\View\View->CodeIgniter\View\{closure}()
 4 SYSTEMPATH\Common.php(1190): CodeIgniter\View\View->render('homepage', [], true)
 5 APPPATH\Controllers\Home.php(9): view('homepage')
 6 SYSTEMPATH\CodeIgniter.php(942): App\Controllers\Home->index()
 7 SYSTEMPATH\CodeIgniter.php(502): CodeIgniter\CodeIgniter->runController(Object(App\Controllers\Home))
 8 SYSTEMPATH\CodeIgniter.php(361): CodeIgniter\CodeIgniter->handleRequest(null, Object(Config\Cache), false)
 9 FCPATH\index.php(79): CodeIgniter\CodeIgniter->run()
INFO - 2024-11-21 11:54:58 --> Session: Class initialized using 'CodeIgniter\Session\Handlers\FileHandler' driver.
CRITICAL - 2024-11-21 11:54:58 --> Undefined variable: events
in APPPATH\Views\homepage.php on line 255.
 1 APPPATH\Views\homepage.php(255): CodeIgniter\Debug\Exceptions->errorHandler(8, 'Undefined variable: events', 'C:\\wamp64\\www\\nucaw\\app\\Views\\homepage.php', 255, [])
 2 SYSTEMPATH\View\View.php(228): include('C:\\wamp64\\www\\nucaw\\app\\Views\\homepage.php')
 3 SYSTEMPATH\View\View.php(231): CodeIgniter\View\View->CodeIgniter\View\{closure}()
 4 SYSTEMPATH\Common.php(1190): CodeIgniter\View\View->render('homepage', [], true)
 5 APPPATH\Controllers\Home.php(9): view('homepage')
 6 SYSTEMPATH\CodeIgniter.php(942): App\Controllers\Home->index()
 7 SYSTEMPATH\CodeIgniter.php(502): CodeIgniter\CodeIgniter->runController(Object(App\Controllers\Home))
 8 SYSTEMPATH\CodeIgniter.php(361): CodeIgniter\CodeIgniter->handleRequest(null, Object(Config\Cache), false)
 9 FCPATH\index.php(79): CodeIgniter\CodeIgniter->run()
INFO - 2024-11-21 11:54:59 --> Session: Class initialized using 'CodeIgniter\Session\Handlers\FileHandler' driver.
CRITICAL - 2024-11-21 11:54:59 --> Undefined variable: events
in APPPATH\Views\homepage.php on line 255.
 1 APPPATH\Views\homepage.php(255): CodeIgniter\Debug\Exceptions->errorHandler(8, 'Undefined variable: events', 'C:\\wamp64\\www\\nucaw\\app\\Views\\homepage.php', 255, [])
 2 SYSTEMPATH\View\View.php(228): include('C:\\wamp64\\www\\nucaw\\app\\Views\\homepage.php')
 3 SYSTEMPATH\View\View.php(231): CodeIgniter\View\View->CodeIgniter\View\{closure}()
 4 SYSTEMPATH\Common.php(1190): CodeIgniter\View\View->render('homepage', [], true)
 5 APPPATH\Controllers\Home.php(9): view('homepage')
 6 SYSTEMPATH\CodeIgniter.php(942): App\Controllers\Home->index()
 7 SYSTEMPATH\CodeIgniter.php(502): CodeIgniter\CodeIgniter->runController(Object(App\Controllers\Home))
 8 SYSTEMPATH\CodeIgniter.php(361): CodeIgniter\CodeIgniter->handleRequest(null, Object(Config\Cache), false)
 9 FCPATH\index.php(79): CodeIgniter\CodeIgniter->run()
CRITICAL - 2024-11-21 12:01:21 --> syntax error, unexpected '}', expecting end of file
in APPPATH\Views\homepage.php on line 204.
 1 SYSTEMPATH\View\View.php(231): CodeIgniter\View\View->CodeIgniter\View\{closure}()
 2 SYSTEMPATH\Common.php(1190): CodeIgniter\View\View->render('homepage', [], true)
 3 APPPATH\Controllers\Home.php(9): view('homepage')
 4 SYSTEMPATH\CodeIgniter.php(942): App\Controllers\Home->index()
 5 SYSTEMPATH\CodeIgniter.php(502): CodeIgniter\CodeIgniter->runController(Object(App\Controllers\Home))
 6 SYSTEMPATH\CodeIgniter.php(361): CodeIgniter\CodeIgniter->handleRequest(null, Object(Config\Cache), false)
 7 FCPATH\index.php(79): CodeIgniter\CodeIgniter->run()
CRITICAL - 2024-11-21 12:01:22 --> syntax error, unexpected '}', expecting end of file
in APPPATH\Views\homepage.php on line 204.
 1 SYSTEMPATH\View\View.php(231): CodeIgniter\View\View->CodeIgniter\View\{closure}()
 2 SYSTEMPATH\Common.php(1190): CodeIgniter\View\View->render('homepage', [], true)
 3 APPPATH\Controllers\Home.php(9): view('homepage')
 4 SYSTEMPATH\CodeIgniter.php(942): App\Controllers\Home->index()
 5 SYSTEMPATH\CodeIgniter.php(502): CodeIgniter\CodeIgniter->runController(Object(App\Controllers\Home))
 6 SYSTEMPATH\CodeIgniter.php(361): CodeIgniter\CodeIgniter->handleRequest(null, Object(Config\Cache), false)
 7 FCPATH\index.php(79): CodeIgniter\CodeIgniter->run()
CRITICAL - 2024-11-21 12:01:31 --> syntax error, unexpected '}', expecting end of file
in APPPATH\Views\homepage.php on line 204.
 1 SYSTEMPATH\View\View.php(231): CodeIgniter\View\View->CodeIgniter\View\{closure}()
 2 SYSTEMPATH\Common.php(1190): CodeIgniter\View\View->render('homepage', [], true)
 3 APPPATH\Controllers\Home.php(9): view('homepage')
 4 SYSTEMPATH\CodeIgniter.php(942): App\Controllers\Home->index()
 5 SYSTEMPATH\CodeIgniter.php(502): CodeIgniter\CodeIgniter->runController(Object(App\Controllers\Home))
 6 SYSTEMPATH\CodeIgniter.php(361): CodeIgniter\CodeIgniter->handleRequest(null, Object(Config\Cache), false)
 7 FCPATH\index.php(79): CodeIgniter\CodeIgniter->run()
